Seq	Host	Starttime	JobRuntime	Send	Receive	Exitval	Signal	Command
1	:	1650816148.091	     9.941	0	2	0	0	python trans_time.py 1
2	:	1650816148.601	     9.678	0	2	0	0	python trans_time.py 2
3	:	1650816149.144	     9.987	0	2	0	0	python trans_time.py 3
4	:	1650816149.685	     9.763	0	2	0	0	python trans_time.py 4
5	:	1650816150.223	     9.586	0	2	0	0	python trans_time.py 5
6	:	1650816150.798	     9.878	0	2	0	0	python trans_time.py 6
7	:	1650816151.309	     9.825	0	2	0	0	python trans_time.py 7
8	:	1650816151.909	     9.924	0	2	0	0	python trans_time.py 8
9	:	1650816152.443	     9.754	0	2	0	0	python trans_time.py 9
10	:	1650816152.964	     9.815	0	3	0	0	python trans_time.py 10
11	:	1650816153.471	    10.005	0	3	0	0	python trans_time.py 11
12	:	1650816154.067	     9.761	0	3	0	0	python trans_time.py 12
13	:	1650816154.596	     9.525	0	3	0	0	python trans_time.py 13
14	:	1650816155.112	     9.654	0	3	0	0	python trans_time.py 14
15	:	1650816155.615	     9.759	0	3	0	0	python trans_time.py 15
16	:	1650816156.206	     9.881	0	3	0	0	python trans_time.py 16
17	:	1650816156.731	     9.883	0	3	0	0	python trans_time.py 17
18	:	1650816157.242	     9.870	0	3	0	0	python trans_time.py 18
19	:	1650816157.843	     9.926	0	3	0	0	python trans_time.py 19
20	:	1650816158.353	     9.667	0	3	0	0	python trans_time.py 20
21	:	1650816158.915	     9.607	0	3	0	0	python trans_time.py 21
22	:	1650816159.426	     9.762	0	3	0	0	python trans_time.py 22
23	:	1650816159.945	     9.523	0	3	0	0	python trans_time.py 23
24	:	1650816160.456	     9.615	0	3	0	0	python trans_time.py 24
25	:	1650816160.981	     9.772	0	3	0	0	python trans_time.py 25
26	:	1650816161.534	     9.713	0	3	0	0	python trans_time.py 26
27	:	1650816162.079	     9.993	0	3	0	0	python trans_time.py 27
28	:	1650816162.637	     9.888	0	3	0	0	python trans_time.py 28
29	:	1650816163.155	     9.710	0	3	0	0	python trans_time.py 29
30	:	1650816163.677	     9.743	0	3	0	0	python trans_time.py 30
31	:	1650816164.182	     9.697	0	3	0	0	python trans_time.py 31
32	:	1650816164.710	     9.678	0	3	0	0	python trans_time.py 32
33	:	1650816165.218	     9.965	0	3	0	0	python trans_time.py 33
34	:	1650816165.736	     9.837	0	3	0	0	python trans_time.py 34
35	:	1650816166.247	     9.658	0	3	0	0	python trans_time.py 35
36	:	1650816166.765	     9.645	0	3	0	0	python trans_time.py 36
37	:	1650816167.300	     9.322	0	3	0	0	python trans_time.py 37
38	:	1650816167.810	     9.479	0	3	0	0	python trans_time.py 38
39	:	1650816168.328	     9.549	0	3	0	0	python trans_time.py 39
40	:	1650816168.843	     9.705	0	3	0	0	python trans_time.py 40
41	:	1650816169.391	     9.694	0	3	0	0	python trans_time.py 41
42	:	1650816169.906	     9.767	0	3	0	0	python trans_time.py 42
43	:	1650816170.462	     9.643	0	3	0	0	python trans_time.py 43
44	:	1650816170.993	     9.856	0	3	0	0	python trans_time.py 44
45	:	1650816171.508	     9.842	0	3	0	0	python trans_time.py 45
46	:	1650816172.062	     9.674	0	3	0	0	python trans_time.py 46
47	:	1650816172.602	    10.176	0	3	0	0	python trans_time.py 47
48	:	1650816173.153	     9.769	0	3	0	0	python trans_time.py 48
49	:	1650816173.701	     9.645	0	3	0	0	python trans_time.py 49
50	:	1650816174.218	     9.719	0	3	0	0	python trans_time.py 50
51	:	1650816174.766	     9.841	0	3	0	0	python trans_time.py 51
52	:	1650816175.269	     9.753	0	3	0	0	python trans_time.py 52
53	:	1650816175.795	     9.868	0	3	0	0	python trans_time.py 53
54	:	1650816176.299	     9.619	0	3	0	0	python trans_time.py 54
55	:	1650816176.838	     9.892	0	3	0	0	python trans_time.py 55
56	:	1650816177.364	     9.674	0	3	0	0	python trans_time.py 56
57	:	1650816177.877	     9.474	0	3	0	0	python trans_time.py 57
58	:	1650816178.434	     9.700	0	3	0	0	python trans_time.py 58
59	:	1650816178.953	     9.687	0	3	0	0	python trans_time.py 59
60	:	1650816179.467	     9.994	0	3	0	0	python trans_time.py 60
61	:	1650816179.987	     9.713	0	3	0	0	python trans_time.py 61
62	:	1650816180.503	     9.760	0	3	0	0	python trans_time.py 62
63	:	1650816181.052	     9.828	0	3	0	0	python trans_time.py 63
64	:	1650816181.571	     9.619	0	3	0	0	python trans_time.py 64
